<?xml version="1.0" encoding="UTF-8"?>
<testsuite xmlns:xsi="http://www.w3.org/2001/XMLSchema-instance" xsi:noNamespaceSchemaLocation="https://maven.apache.org/surefire/maven-surefire-plugin/xsd/surefire-test-report.xsd" name="com.boot.ShipwreckControllerTest" time="1.441" tests="1" errors="0" skipped="0" failures="0">
  <properties>
    <property name="sun.desktop" value="gnome"/>
    <property name="awt.toolkit" value="sun.awt.X11.XToolkit"/>
    <property name="file.encoding.pkg" value="sun.io"/>
    <property name="java.specification.version" value="1.8"/>
    <property name="sun.cpu.isalist" value=""/>
    <property name="sun.jnu.encoding" value="UTF-8"/>
    <property name="java.class.path" value="/home/gauravsin/IdeaProjects/das-boot/target/test-classes:/home/gauravsin/IdeaProjects/das-boot/target/classes:/home/gauravsin/.m2/repository/org/springframework/boot/spring-boot-starter-test/1.3.1.RELEASE/spring-boot-starter-test-1.3.1.RELEASE.jar:/home/gauravsin/.m2/repository/junit/junit/4.12/junit-4.12.jar:/home/gauravsin/.m2/repository/org/mockito/mockito-core/1.10.19/mockito-core-1.10.19.jar:/home/gauravsin/.m2/repository/org/objenesis/objenesis/2.1/objenesis-2.1.jar:/home/gauravsin/.m2/repository/org/hamcrest/hamcrest-core/1.3/hamcrest-core-1.3.jar:/home/gauravsin/.m2/repository/org/hamcrest/hamcrest-library/1.3/hamcrest-library-1.3.jar:/home/gauravsin/.m2/repository/org/springframework/spring-core/4.2.4.RELEASE/spring-core-4.2.4.RELEASE.jar:/home/gauravsin/.m2/repository/org/springframework/spring-test/4.2.4.RELEASE/spring-test-4.2.4.RELEASE.jar:/home/gauravsin/.m2/repository/org/springframework/boot/spring-boot-starter-web/1.3.1.RELEASE/spring-boot-starter-web-1.3.1.RELEASE.jar:/home/gauravsin/.m2/repository/org/springframework/boot/spring-boot-starter/1.3.1.RELEASE/spring-boot-starter-1.3.1.RELEASE.jar:/home/gauravsin/.m2/repository/org/springframework/boot/spring-boot/1.3.1.RELEASE/spring-boot-1.3.1.RELEASE.jar:/home/gauravsin/.m2/repository/org/springframework/boot/spring-boot-autoconfigure/1.3.1.RELEASE/spring-boot-autoconfigure-1.3.1.RELEASE.jar:/home/gauravsin/.m2/repository/org/springframework/boot/spring-boot-starter-logging/1.3.1.RELEASE/spring-boot-starter-logging-1.3.1.RELEASE.jar:/home/gauravsin/.m2/repository/ch/qos/logback/logback-classic/1.1.3/logback-classic-1.1.3.jar:/home/gauravsin/.m2/repository/ch/qos/logback/logback-core/1.1.3/logback-core-1.1.3.jar:/home/gauravsin/.m2/repository/org/slf4j/jul-to-slf4j/1.7.13/jul-to-slf4j-1.7.13.jar:/home/gauravsin/.m2/repository/org/slf4j/log4j-over-slf4j/1.7.13/log4j-over-slf4j-1.7.13.jar:/home/gauravsin/.m2/repository/org/yaml/snakeyaml/1.16/snakeyaml-1.16.jar:/home/gauravsin/.m2/repository/org/springframework/boot/spring-boot-starter-tomcat/1.3.1.RELEASE/spring-boot-starter-tomcat-1.3.1.RELEASE.jar:/home/gauravsin/.m2/repository/org/apache/tomcat/embed/tomcat-embed-core/8.0.30/tomcat-embed-core-8.0.30.jar:/home/gauravsin/.m2/repository/org/apache/tomcat/embed/tomcat-embed-el/8.0.30/tomcat-embed-el-8.0.30.jar:/home/gauravsin/.m2/repository/org/apache/tomcat/embed/tomcat-embed-logging-juli/8.0.30/tomcat-embed-logging-juli-8.0.30.jar:/home/gauravsin/.m2/repository/org/apache/tomcat/embed/tomcat-embed-websocket/8.0.30/tomcat-embed-websocket-8.0.30.jar:/home/gauravsin/.m2/repository/org/springframework/boot/spring-boot-starter-validation/1.3.1.RELEASE/spring-boot-starter-validation-1.3.1.RELEASE.jar:/home/gauravsin/.m2/repository/org/hibernate/hibernate-validator/5.2.2.Final/hibernate-validator-5.2.2.Final.jar:/home/gauravsin/.m2/repository/javax/validation/validation-api/1.1.0.Final/validation-api-1.1.0.Final.jar:/home/gauravsin/.m2/repository/com/fasterxml/classmate/1.1.0/classmate-1.1.0.jar:/home/gauravsin/.m2/repository/com/fasterxml/jackson/core/jackson-databind/2.6.4/jackson-databind-2.6.4.jar:/home/gauravsin/.m2/repository/com/fasterxml/jackson/core/jackson-annotations/2.6.4/jackson-annotations-2.6.4.jar:/home/gauravsin/.m2/repository/com/fasterxml/jackson/core/jackson-core/2.6.4/jackson-core-2.6.4.jar:/home/gauravsin/.m2/repository/org/springframework/spring-web/4.2.4.RELEASE/spring-web-4.2.4.RELEASE.jar:/home/gauravsin/.m2/repository/org/springframework/spring-aop/4.2.4.RELEASE/spring-aop-4.2.4.RELEASE.jar:/home/gauravsin/.m2/repository/aopalliance/aopalliance/1.0/aopalliance-1.0.jar:/home/gauravsin/.m2/repository/org/springframework/spring-beans/4.2.4.RELEASE/spring-beans-4.2.4.RELEASE.jar:/home/gauravsin/.m2/repository/org/springframework/spring-context/4.2.4.RELEASE/spring-context-4.2.4.RELEASE.jar:/home/gauravsin/.m2/repository/org/springframework/spring-webmvc/4.2.4.RELEASE/spring-webmvc-4.2.4.RELEASE.jar:/home/gauravsin/.m2/repository/org/springframework/spring-expression/4.2.4.RELEASE/spring-expression-4.2.4.RELEASE.jar:/home/gauravsin/.m2/repository/org/springframework/boot/spring-boot-starter-data-jpa/1.3.1.RELEASE/spring-boot-starter-data-jpa-1.3.1.RELEASE.jar:/home/gauravsin/.m2/repository/org/springframework/boot/spring-boot-starter-aop/1.3.1.RELEASE/spring-boot-starter-aop-1.3.1.RELEASE.jar:/home/gauravsin/.m2/repository/org/aspectj/aspectjweaver/1.8.7/aspectjweaver-1.8.7.jar:/home/gauravsin/.m2/repository/org/springframework/boot/spring-boot-starter-jdbc/1.3.1.RELEASE/spring-boot-starter-jdbc-1.3.1.RELEASE.jar:/home/gauravsin/.m2/repository/org/apache/tomcat/tomcat-jdbc/8.0.30/tomcat-jdbc-8.0.30.jar:/home/gauravsin/.m2/repository/org/apache/tomcat/tomcat-juli/8.0.30/tomcat-juli-8.0.30.jar:/home/gauravsin/.m2/repository/org/springframework/spring-jdbc/4.2.4.RELEASE/spring-jdbc-4.2.4.RELEASE.jar:/home/gauravsin/.m2/repository/org/hibernate/hibernate-entitymanager/4.3.11.Final/hibernate-entitymanager-4.3.11.Final.jar:/home/gauravsin/.m2/repository/org/jboss/logging/jboss-logging/3.3.0.Final/jboss-logging-3.3.0.Final.jar:/home/gauravsin/.m2/repository/org/jboss/logging/jboss-logging-annotations/1.2.0.Beta1/jboss-logging-annotations-1.2.0.Beta1.jar:/home/gauravsin/.m2/repository/org/hibernate/hibernate-core/4.3.11.Final/hibernate-core-4.3.11.Final.jar:/home/gauravsin/.m2/repository/antlr/antlr/2.7.7/antlr-2.7.7.jar:/home/gauravsin/.m2/repository/org/jboss/jandex/1.1.0.Final/jandex-1.1.0.Final.jar:/home/gauravsin/.m2/repository/dom4j/dom4j/1.6.1/dom4j-1.6.1.jar:/home/gauravsin/.m2/repository/xml-apis/xml-apis/1.0.b2/xml-apis-1.0.b2.jar:/home/gauravsin/.m2/repository/org/hibernate/common/hibernate-commons-annotations/4.0.5.Final/hibernate-commons-annotations-4.0.5.Final.jar:/home/gauravsin/.m2/repository/org/hibernate/javax/persistence/hibernate-jpa-2.1-api/1.0.0.Final/hibernate-jpa-2.1-api-1.0.0.Final.jar:/home/gauravsin/.m2/repository/org/javassist/javassist/3.18.1-GA/javassist-3.18.1-GA.jar:/home/gauravsin/.m2/repository/javax/transaction/javax.transaction-api/1.2/javax.transaction-api-1.2.jar:/home/gauravsin/.m2/repository/org/springframework/data/spring-data-jpa/1.9.2.RELEASE/spring-data-jpa-1.9.2.RELEASE.jar:/home/gauravsin/.m2/repository/org/springframework/data/spring-data-commons/1.11.2.RELEASE/spring-data-commons-1.11.2.RELEASE.jar:/home/gauravsin/.m2/repository/org/springframework/spring-orm/4.2.4.RELEASE/spring-orm-4.2.4.RELEASE.jar:/home/gauravsin/.m2/repository/org/springframework/spring-tx/4.2.4.RELEASE/spring-tx-4.2.4.RELEASE.jar:/home/gauravsin/.m2/repository/org/slf4j/slf4j-api/1.7.13/slf4j-api-1.7.13.jar:/home/gauravsin/.m2/repository/org/slf4j/jcl-over-slf4j/1.7.13/jcl-over-slf4j-1.7.13.jar:/home/gauravsin/.m2/repository/org/springframework/spring-aspects/4.2.4.RELEASE/spring-aspects-4.2.4.RELEASE.jar:/home/gauravsin/.m2/repository/com/h2database/h2/1.4.190/h2-1.4.190.jar:/home/gauravsin/.m2/repository/org/flywaydb/flyway-core/3.2.1/flyway-core-3.2.1.jar:"/>
    <property name="java.vm.vendor" value="Oracle Corporation"/>
    <property name="sun.arch.data.model" value="64"/>
    <property name="java.vendor.url" value="http://java.oracle.com/"/>
    <property name="user.timezone" value=""/>
    <property name="java.vm.specification.version" value="1.8"/>
    <property name="os.name" value="Linux"/>
    <property name="user.country" value="US"/>
    <property name="sun.java.launcher" value="SUN_STANDARD"/>
    <property name="sun.boot.library.path" value="/usr/lib/jvm/java-8-openjdk-amd64/jre/lib/amd64"/>
    <property name="sun.java.command" value="/home/gauravsin/IdeaProjects/das-boot/target/surefire/surefirebooter3361180862119134481.jar /home/gauravsin/IdeaProjects/das-boot/target/surefire 2019-03-20T20-19-32_298-jvmRun1 surefire8586106730257022086tmp surefire_02657066408806948081tmp"/>
    <property name="surefire.test.class.path" value="/home/gauravsin/IdeaProjects/das-boot/target/test-classes:/home/gauravsin/IdeaProjects/das-boot/target/classes:/home/gauravsin/.m2/repository/org/springframework/boot/spring-boot-starter-test/1.3.1.RELEASE/spring-boot-starter-test-1.3.1.RELEASE.jar:/home/gauravsin/.m2/repository/junit/junit/4.12/junit-4.12.jar:/home/gauravsin/.m2/repository/org/mockito/mockito-core/1.10.19/mockito-core-1.10.19.jar:/home/gauravsin/.m2/repository/org/objenesis/objenesis/2.1/objenesis-2.1.jar:/home/gauravsin/.m2/repository/org/hamcrest/hamcrest-core/1.3/hamcrest-core-1.3.jar:/home/gauravsin/.m2/repository/org/hamcrest/hamcrest-library/1.3/hamcrest-library-1.3.jar:/home/gauravsin/.m2/repository/org/springframework/spring-core/4.2.4.RELEASE/spring-core-4.2.4.RELEASE.jar:/home/gauravsin/.m2/repository/org/springframework/spring-test/4.2.4.RELEASE/spring-test-4.2.4.RELEASE.jar:/home/gauravsin/.m2/repository/org/springframework/boot/spring-boot-starter-web/1.3.1.RELEASE/spring-boot-starter-web-1.3.1.RELEASE.jar:/home/gauravsin/.m2/repository/org/springframework/boot/spring-boot-starter/1.3.1.RELEASE/spring-boot-starter-1.3.1.RELEASE.jar:/home/gauravsin/.m2/repository/org/springframework/boot/spring-boot/1.3.1.RELEASE/spring-boot-1.3.1.RELEASE.jar:/home/gauravsin/.m2/repository/org/springframework/boot/spring-boot-autoconfigure/1.3.1.RELEASE/spring-boot-autoconfigure-1.3.1.RELEASE.jar:/home/gauravsin/.m2/repository/org/springframework/boot/spring-boot-starter-logging/1.3.1.RELEASE/spring-boot-starter-logging-1.3.1.RELEASE.jar:/home/gauravsin/.m2/repository/ch/qos/logback/logback-classic/1.1.3/logback-classic-1.1.3.jar:/home/gauravsin/.m2/repository/ch/qos/logback/logback-core/1.1.3/logback-core-1.1.3.jar:/home/gauravsin/.m2/repository/org/slf4j/jul-to-slf4j/1.7.13/jul-to-slf4j-1.7.13.jar:/home/gauravsin/.m2/repository/org/slf4j/log4j-over-slf4j/1.7.13/log4j-over-slf4j-1.7.13.jar:/home/gauravsin/.m2/repository/org/yaml/snakeyaml/1.16/snakeyaml-1.16.jar:/home/gauravsin/.m2/repository/org/springframework/boot/spring-boot-starter-tomcat/1.3.1.RELEASE/spring-boot-starter-tomcat-1.3.1.RELEASE.jar:/home/gauravsin/.m2/repository/org/apache/tomcat/embed/tomcat-embed-core/8.0.30/tomcat-embed-core-8.0.30.jar:/home/gauravsin/.m2/repository/org/apache/tomcat/embed/tomcat-embed-el/8.0.30/tomcat-embed-el-8.0.30.jar:/home/gauravsin/.m2/repository/org/apache/tomcat/embed/tomcat-embed-logging-juli/8.0.30/tomcat-embed-logging-juli-8.0.30.jar:/home/gauravsin/.m2/repository/org/apache/tomcat/embed/tomcat-embed-websocket/8.0.30/tomcat-embed-websocket-8.0.30.jar:/home/gauravsin/.m2/repository/org/springframework/boot/spring-boot-starter-validation/1.3.1.RELEASE/spring-boot-starter-validation-1.3.1.RELEASE.jar:/home/gauravsin/.m2/repository/org/hibernate/hibernate-validator/5.2.2.Final/hibernate-validator-5.2.2.Final.jar:/home/gauravsin/.m2/repository/javax/validation/validation-api/1.1.0.Final/validation-api-1.1.0.Final.jar:/home/gauravsin/.m2/repository/com/fasterxml/classmate/1.1.0/classmate-1.1.0.jar:/home/gauravsin/.m2/repository/com/fasterxml/jackson/core/jackson-databind/2.6.4/jackson-databind-2.6.4.jar:/home/gauravsin/.m2/repository/com/fasterxml/jackson/core/jackson-annotations/2.6.4/jackson-annotations-2.6.4.jar:/home/gauravsin/.m2/repository/com/fasterxml/jackson/core/jackson-core/2.6.4/jackson-core-2.6.4.jar:/home/gauravsin/.m2/repository/org/springframework/spring-web/4.2.4.RELEASE/spring-web-4.2.4.RELEASE.jar:/home/gauravsin/.m2/repository/org/springframework/spring-aop/4.2.4.RELEASE/spring-aop-4.2.4.RELEASE.jar:/home/gauravsin/.m2/repository/aopalliance/aopalliance/1.0/aopalliance-1.0.jar:/home/gauravsin/.m2/repository/org/springframework/spring-beans/4.2.4.RELEASE/spring-beans-4.2.4.RELEASE.jar:/home/gauravsin/.m2/repository/org/springframework/spring-context/4.2.4.RELEASE/spring-context-4.2.4.RELEASE.jar:/home/gauravsin/.m2/repository/org/springframework/spring-webmvc/4.2.4.RELEASE/spring-webmvc-4.2.4.RELEASE.jar:/home/gauravsin/.m2/repository/org/springframework/spring-expression/4.2.4.RELEASE/spring-expression-4.2.4.RELEASE.jar:/home/gauravsin/.m2/repository/org/springframework/boot/spring-boot-starter-data-jpa/1.3.1.RELEASE/spring-boot-starter-data-jpa-1.3.1.RELEASE.jar:/home/gauravsin/.m2/repository/org/springframework/boot/spring-boot-starter-aop/1.3.1.RELEASE/spring-boot-starter-aop-1.3.1.RELEASE.jar:/home/gauravsin/.m2/repository/org/aspectj/aspectjweaver/1.8.7/aspectjweaver-1.8.7.jar:/home/gauravsin/.m2/repository/org/springframework/boot/spring-boot-starter-jdbc/1.3.1.RELEASE/spring-boot-starter-jdbc-1.3.1.RELEASE.jar:/home/gauravsin/.m2/repository/org/apache/tomcat/tomcat-jdbc/8.0.30/tomcat-jdbc-8.0.30.jar:/home/gauravsin/.m2/repository/org/apache/tomcat/tomcat-juli/8.0.30/tomcat-juli-8.0.30.jar:/home/gauravsin/.m2/repository/org/springframework/spring-jdbc/4.2.4.RELEASE/spring-jdbc-4.2.4.RELEASE.jar:/home/gauravsin/.m2/repository/org/hibernate/hibernate-entitymanager/4.3.11.Final/hibernate-entitymanager-4.3.11.Final.jar:/home/gauravsin/.m2/repository/org/jboss/logging/jboss-logging/3.3.0.Final/jboss-logging-3.3.0.Final.jar:/home/gauravsin/.m2/repository/org/jboss/logging/jboss-logging-annotations/1.2.0.Beta1/jboss-logging-annotations-1.2.0.Beta1.jar:/home/gauravsin/.m2/repository/org/hibernate/hibernate-core/4.3.11.Final/hibernate-core-4.3.11.Final.jar:/home/gauravsin/.m2/repository/antlr/antlr/2.7.7/antlr-2.7.7.jar:/home/gauravsin/.m2/repository/org/jboss/jandex/1.1.0.Final/jandex-1.1.0.Final.jar:/home/gauravsin/.m2/repository/dom4j/dom4j/1.6.1/dom4j-1.6.1.jar:/home/gauravsin/.m2/repository/xml-apis/xml-apis/1.0.b2/xml-apis-1.0.b2.jar:/home/gauravsin/.m2/repository/org/hibernate/common/hibernate-commons-annotations/4.0.5.Final/hibernate-commons-annotations-4.0.5.Final.jar:/home/gauravsin/.m2/repository/org/hibernate/javax/persistence/hibernate-jpa-2.1-api/1.0.0.Final/hibernate-jpa-2.1-api-1.0.0.Final.jar:/home/gauravsin/.m2/repository/org/javassist/javassist/3.18.1-GA/javassist-3.18.1-GA.jar:/home/gauravsin/.m2/repository/javax/transaction/javax.transaction-api/1.2/javax.transaction-api-1.2.jar:/home/gauravsin/.m2/repository/org/springframework/data/spring-data-jpa/1.9.2.RELEASE/spring-data-jpa-1.9.2.RELEASE.jar:/home/gauravsin/.m2/repository/org/springframework/data/spring-data-commons/1.11.2.RELEASE/spring-data-commons-1.11.2.RELEASE.jar:/home/gauravsin/.m2/repository/org/springframework/spring-orm/4.2.4.RELEASE/spring-orm-4.2.4.RELEASE.jar:/home/gauravsin/.m2/repository/org/springframework/spring-tx/4.2.4.RELEASE/spring-tx-4.2.4.RELEASE.jar:/home/gauravsin/.m2/repository/org/slf4j/slf4j-api/1.7.13/slf4j-api-1.7.13.jar:/home/gauravsin/.m2/repository/org/slf4j/jcl-over-slf4j/1.7.13/jcl-over-slf4j-1.7.13.jar:/home/gauravsin/.m2/repository/org/springframework/spring-aspects/4.2.4.RELEASE/spring-aspects-4.2.4.RELEASE.jar:/home/gauravsin/.m2/repository/com/h2database/h2/1.4.190/h2-1.4.190.jar:/home/gauravsin/.m2/repository/org/flywaydb/flyway-core/3.2.1/flyway-core-3.2.1.jar:"/>
    <property name="sun.cpu.endian" value="little"/>
    <property name="user.home" value="/home/gauravsin"/>
    <property name="user.language" value="en"/>
    <property name="java.specification.vendor" value="Oracle Corporation"/>
    <property name="java.home" value="/usr/lib/jvm/java-8-openjdk-amd64/jre"/>
    <property name="basedir" value="/home/gauravsin/IdeaProjects/das-boot"/>
    <property name="file.separator" value="/"/>
    <property name="line.separator" value="&#10;"/>
    <property name="java.vm.specification.vendor" value="Oracle Corporation"/>
    <property name="java.specification.name" value="Java Platform API Specification"/>
    <property name="java.awt.graphicsenv" value="sun.awt.X11GraphicsEnvironment"/>
    <property name="surefire.real.class.path" value="/home/gauravsin/IdeaProjects/das-boot/target/surefire/surefirebooter3361180862119134481.jar"/>
    <property name="sun.boot.class.path" value="/usr/lib/jvm/java-8-openjdk-amd64/jre/lib/resources.jar:/usr/lib/jvm/java-8-openjdk-amd64/jre/lib/rt.jar:/usr/lib/jvm/java-8-openjdk-amd64/jre/lib/sunrsasign.jar:/usr/lib/jvm/java-8-openjdk-amd64/jre/lib/jsse.jar:/usr/lib/jvm/java-8-openjdk-amd64/jre/lib/jce.jar:/usr/lib/jvm/java-8-openjdk-amd64/jre/lib/charsets.jar:/usr/lib/jvm/java-8-openjdk-amd64/jre/lib/jfr.jar:/usr/lib/jvm/java-8-openjdk-amd64/jre/classes"/>
    <property name="sun.management.compiler" value="HotSpot 64-Bit Tiered Compilers"/>
    <property name="java.runtime.version" value="1.8.0_191-8u191-b12-2ubuntu0.18.04.1-b12"/>
    <property name="user.name" value="gauravsin"/>
    <property name="path.separator" value=":"/>
    <property name="os.version" value="4.18.0-16-generic"/>
    <property name="java.endorsed.dirs" value="/usr/lib/jvm/java-8-openjdk-amd64/jre/lib/endorsed"/>
    <property name="java.runtime.name" value="OpenJDK Runtime Environment"/>
    <property name="file.encoding" value="UTF-8"/>
    <property name="java.vm.name" value="OpenJDK 64-Bit Server VM"/>
    <property name="localRepository" value="/home/gauravsin/.m2/repository"/>
    <property name="java.vendor.url.bug" value="http://bugreport.sun.com/bugreport/"/>
    <property name="java.io.tmpdir" value="/tmp"/>
    <property name="idea.version" value="2018.3.5"/>
    <property name="java.version" value="1.8.0_191"/>
    <property name="user.dir" value="/home/gauravsin/IdeaProjects/das-boot"/>
    <property name="os.arch" value="amd64"/>
    <property name="java.vm.specification.name" value="Java Virtual Machine Specification"/>
    <property name="java.awt.printerjob" value="sun.print.PSPrinterJob"/>
    <property name="sun.os.patch.level" value="unknown"/>
    <property name="java.library.path" value="/usr/java/packages/lib/amd64:/usr/lib/x86_64-linux-gnu/jni:/lib/x86_64-linux-gnu:/usr/lib/x86_64-linux-gnu:/usr/lib/jni:/lib:/usr/lib"/>
    <property name="java.vm.info" value="mixed mode"/>
    <property name="java.vendor" value="Oracle Corporation"/>
    <property name="java.vm.version" value="25.191-b12"/>
    <property name="java.ext.dirs" value="/usr/lib/jvm/java-8-openjdk-amd64/jre/lib/ext:/usr/java/packages/lib/ext"/>
    <property name="sun.io.unicode.encoding" value="UnicodeLittle"/>
    <property name="java.class.version" value="52.0"/>
  </properties>
  <testcase name="testShipwreckGet" classname="com.boot.ShipwreckControllerTest" time="1.322"/>
</testsuite>